<?xml version="1.0" encoding="UTF-8"?>
<TestRun id="4fa61883-6f31-4c73-9080-8a51ca6649cc" name="asfarley@ASFARLEY-PC 2014-06-30 03:33:05" runUser="asfarley-PC\asfarley" xmlns="http://microsoft.com/schemas/VisualStudio/TeamTest/2010">
  <TestSettings name="Local" id="8dcec0e0-7b50-4145-aff8-4ccf1dcf64c8">
    <Description>These are default test settings for a local test run.</Description>
    <Deployment enabled="false" runDeploymentRoot="asfarley_ASFARLEY-PC 2014-06-30 03_33_05">
      <DeploymentItem filename="E:\Emgu\emgucv-windows-universal-cuda 2.9.0.1922\Emgu.CV.Example\TrafficCounter\packages\MathNet.Numerics.2.6.2\lib\net40\MathNet.Numerics.IO.dll" />
      <DeploymentItem filename="E:\Emgu\emgucv-windows-universal-cuda 2.9.0.1922\bin\Emgu.Util.dll" />
      <DeploymentItem filename="E:\Emgu\emgucv-windows-universal-cuda 2.9.0.1922\bin\Emgu.CV.UI.dll" />
      <DeploymentItem filename="E:\Emgu\emgucv-windows-universal-cuda 2.9.0.1922\bin\Emgu.CV.dll" />
      <DeploymentItem filename="E:\Emgu\emgucv-windows-universal-cuda 2.9.0.1922\Emgu.CV.Example\TrafficCounter\packages\MathNet.Numerics.2.6.2\lib\net40\MathNet.Numerics.dll" />
      <DeploymentItem filename="E:\Emgu\emgucv-windows-universal-cuda 2.9.0.1922\bin\Example.TrafficCounter.exe" />
    </Deployment>
    <Execution>
      <TestTypeSpecific />
      <AgentRule name="Execution Agents">
      </AgentRule>
    </Execution>
  </TestSettings>
  <Times creation="2014-06-30T03:33:05.1555988-04:00" queuing="2014-06-30T03:33:05.1645993-04:00" start="2014-06-30T03:33:05.1675995-04:00" finish="2014-06-30T03:33:05.3326089-04:00" />
  <ResultSummary outcome="Completed">
    <Counters total="1" executed="1" passed="1" error="0" failed="0" timeout="0" aborted="0" inconclusive="0" passedButRunAborted="0" notRunnable="0" notExecuted="0" disconnected="0" warning="0" completed="0" inProgress="0" pending="0" />
  </ResultSummary>
  <TestDefinitions>
    <UnitTest name="findBestNodeTest" storage="e:\emgu\emgucv-windows-universal-cuda 2.9.0.1922\emgu.cv.example\trafficcounter\optassigntest\bin\debug\optassigntest.dll" id="83f1b5f6-5372-fb24-0e89-6d02608c380f">
      <Execution id="16efa03d-6163-4c34-a222-6493d1ecaad8" />
      <TestMethod codeBase="E:/Emgu/emgucv-windows-universal-cuda 2.9.0.1922/Emgu.CV.Example/TrafficCounter/OptAssignTest/bin/Debug/OptAssignTest.DLL" adapterTypeName="Microsoft.VisualStudio.TestTools.TestTypes.Unit.UnitTestAdapter, Microsoft.VisualStudio.QualityTools.Tips.UnitTest.Adapter, Version=10.0.0.0, Culture=neutral, PublicKeyToken=b03f5f7f11d50a3a" className="OptAssignTest.OptAssignTest, OptAssignTest, Version=1.0.0.0, Culture=neutral, PublicKeyToken=null" name="findBestNodeTest" />
    </UnitTest>
  </TestDefinitions>
  <TestLists>
    <TestList name="Results Not in a List" id="8c84fa94-04c1-424b-9868-57a2d4851a1d" />
    <TestList name="All Loaded Results" id="19431567-8539-422a-85d7-44ee4e166bda" />
  </TestLists>
  <TestEntries>
    <TestEntry testId="83f1b5f6-5372-fb24-0e89-6d02608c380f" executionId="16efa03d-6163-4c34-a222-6493d1ecaad8" testListId="8c84fa94-04c1-424b-9868-57a2d4851a1d" />
  </TestEntries>
  <Results>
    <UnitTestResult executionId="16efa03d-6163-4c34-a222-6493d1ecaad8" testId="83f1b5f6-5372-fb24-0e89-6d02608c380f" testName="findBestNodeTest" computerName="ASFARLEY-PC" duration="00:00:00.0150791" startTime="2014-06-30T03:33:05.1685995-04:00" endTime="2014-06-30T03:33:05.3246085-04:00" testType="13cdc9d9-ddb5-4fa4-a97d-d965ccfc6d4b" outcome="Passed" testListId="8c84fa94-04c1-424b-9868-57a2d4851a1d" relativeResultsDirectory="16efa03d-6163-4c34-a222-6493d1ecaad8">
    </UnitTestResult>
  </Results>
</TestRun>